  CLR_World3D.cpp
  load glad & glfw
C:\Users\otz55\source\repos\GlMinecraft\OpenGLMinecraft\OpenGLMinecraft\CLR_World3D.cpp(104,54): warning C4244: '+=': conversion from 'double' to 'T', possible loss of data
          with
          [
              T=float
          ]
C:\Users\otz55\source\repos\GlMinecraft\OpenGLMinecraft\OpenGLMinecraft\CLR_World3D.cpp(105,55): warning C4244: '+=': conversion from 'double' to 'T', possible loss of data
          with
          [
              T=float
          ]
C:\Users\otz55\source\repos\GlMinecraft\OpenGLMinecraft\OpenGLMinecraft\CLR_World3D.cpp(109,22): warning C4305: '=': truncation from 'double' to 'T'
          with
          [
              T=float
          ]
C:\Users\otz55\source\repos\GlMinecraft\OpenGLMinecraft\OpenGLMinecraft\CLR_World3D.cpp(113,23): warning C4305: '=': truncation from 'double' to 'T'
          with
          [
              T=float
          ]
x64\Release\GLW_Types.obj : warning LNK4042: object specified more than once; extras ignored
LINK : warning LNK4098: defaultlib 'MSVCRTD' conflicts with use of other libs; use /NODEFAULTLIB:library
  Generating code
  10 of 346 functions ( 2.9%) were compiled, the rest were copied from previous compilation.
    0 functions were new in current compilation
    10 functions had inline decision re-evaluated but remain unchanged
  Finished generating code
  OpenGLMinecraft.vcxproj -> C:\Users\otz55\source\repos\GlMinecraft\OpenGLMinecraft\x64\Release\OpenGLMinecraft.exe
